<?xml version="1.0" encoding="UTF-8"?>
<!-- Generated by org.testng.reporters.JUnitReportReporter -->
<testsuite skipped="0" hostname="KULARAJARAK" name="src_Appium.Calculator" tests="1" failures="0" timestamp="15 Nov 2017 16:01:39 GMT" time="7.395" errors="0">
  <testcase name="Mapview" time="7.395" classname="src_Appium.Calculator"/>
</testsuite> <!-- src_Appium.Calculator -->
