<?xml version="1.0" encoding="UTF-8"?>
<!-- Generated by org.testng.reporters.JUnitReportReporter -->
<testsuite skipped="0" hostname="KULARAJARAK" name="src_FlowDrive.FlowDrive" tests="15" failures="0" timestamp="17 Nov 2017 08:45:25 GMT" time="252.681" errors="0">
  <testcase name="AgreeTermsAndConditions" time="4.111" classname="src_FlowDrive.FlowDrive"/>
  <testcase name="testLogin" time="17.708" classname="src_FlowDrive.FlowDrive"/>
  <testcase name="testTabNavigation" time="9.429" classname="src_FlowDrive.FlowDrive"/>
  <testcase name="testTabNavigation2" time="13.893" classname="src_FlowDrive.FlowDrive"/>
  <testcase name="recordJourney" time="45.738" classname="src_FlowDrive.FlowDrive"/>
  <testcase name="emergencyHelpOptions" time="13.839" classname="src_FlowDrive.FlowDrive"/>
  <testcase name="viewSavedjourneydetails" time="11.432" classname="src_FlowDrive.FlowDrive"/>
  <testcase name="modifySavedjourneydetails" time="19.464" classname="src_FlowDrive.FlowDrive"/>
  <testcase name="Mapview" time="12.640" classname="src_FlowDrive.FlowDrive"/>
  <testcase name="OverallScoreDetails" time="10.991" classname="src_FlowDrive.FlowDrive"/>
  <testcase name="IndividualScoreDetails" time="13.970" classname="src_FlowDrive.FlowDrive"/>
  <testcase name="MySocialProfile" time="34.054" classname="src_FlowDrive.FlowDrive"/>
  <testcase name="changePreferences" time="12.069" classname="src_FlowDrive.FlowDrive"/>
  <testcase name="searchHelp" time="23.260" classname="src_FlowDrive.FlowDrive"/>
  <testcase name="appVersionInAboutPage" time="10.083" classname="src_FlowDrive.FlowDrive"/>
</testsuite> <!-- src_FlowDrive.FlowDrive -->
